<?xml version="1.0" encoding="UTF-8"?>
<testsuite name="com.demo.KataTest" tests="3" skipped="0" failures="0" errors="0" timestamp="2020-07-13T02:48:10" hostname="MacBook-Pro-de-Jorge-3.local" time="0.058">
  <properties/>
  <testcase name="test_assertJ" classname="com.demo.KataTest" time="0.058"/>
  <testcase name="assertJ_exception" classname="com.demo.KataTest" time="0.0"/>
  <testcase name="test_Junit" classname="com.demo.KataTest" time="0.0"/>
  <system-out><![CDATA[]]></system-out>
  <system-err><![CDATA[]]></system-err>
</testsuite>
